<?xml version="1.0" encoding="UTF-8"?>
<!-- Generated by org.testng.reporters.JUnitXMLReporter -->
<testsuite hostname="Gajendras-MacBook-Air.local" ignored="0" name="Free CRM App Test Cases" tests="12" failures="0" timestamp="2021-02-11T13:21:26 IST" time="6.915" errors="0">
  <testcase name="test1" time="0.084" classname="module1.class1"/>
  <testcase name="test2" time="0.004" classname="module1.class1"/>
  <testcase name="test3" time="0.004" classname="module1.class1"/>
  <testcase name="test4" time="0.006" classname="module1.class1"/>
  <testcase name="test1" time="0.011" classname="module1.class3"/>
  <testcase name="test2" time="0.004" classname="module1.class3"/>
  <testcase name="test3" time="0.004" classname="module1.class3"/>
  <testcase name="extentReportsDemo" time="5.969" classname="module1.ExtentDemo"/>
  <testcase name="test1" time="0.015" classname="module2.class2"/>
  <testcase name="test2" time="0.011" classname="module2.class2"/>
  <testcase name="test1" time="0.146" classname="module2.class4"/>
  <testcase name="test2" time="0.003" classname="module2.class4"/>
</testsuite> <!-- Free CRM App Test Cases -->
