<?xml version="1.0" encoding="UTF-8"?>
<testng-results skipped="0" failed="0" ignored="0" total="12" passed="12">
  <reporter-output>
  </reporter-output>
  <suite name="FREE CRM Application Test Automation Test Suite" duration-ms="6915" started-at="2021-02-11T13:21:19 IST" finished-at="2021-02-11T13:21:26 IST">
    <groups>
    </groups>
    <test name="Free CRM App Test Cases" duration-ms="6915" started-at="2021-02-11T13:21:19 IST" finished-at="2021-02-11T13:21:26 IST">
      <class name="module1.ExtentDemo">
        <test-method status="PASS" signature="startTest()[pri:0, instance:module1.ExtentDemo@410954b]" name="startTest" is-config="true" duration-ms="574" started-at="2021-02-11T13:21:18 IST" finished-at="2021-02-11T13:21:19 IST">
          <reporter-output>
          </reporter-output>
        </test-method> <!-- startTest -->
        <test-method status="PASS" signature="extentReportsDemo()[pri:0, instance:module1.ExtentDemo@410954b]" name="extentReportsDemo" duration-ms="5969" started-at="2021-02-11T13:21:19 IST" finished-at="2021-02-11T13:21:25 IST">
          <reporter-output>
          </reporter-output>
        </test-method> <!-- extentReportsDemo -->
        <test-method status="PASS" signature="endTest()[pri:0, instance:module1.ExtentDemo@410954b]" name="endTest" is-config="true" duration-ms="620" started-at="2021-02-11T13:21:26 IST" finished-at="2021-02-11T13:21:26 IST">
          <reporter-output>
          </reporter-output>
        </test-method> <!-- endTest -->
      </class> <!-- module1.ExtentDemo -->
      <class name="module1.class3">
        <test-method status="PASS" signature="beforeTest3()[pri:0, instance:module1.class3@7fb9f71f]" name="beforeTest3" is-config="true" duration-ms="0" started-at="2021-02-11T13:21:19 IST" finished-at="2021-02-11T13:21:19 IST">
          <reporter-output>
          </reporter-output>
        </test-method> <!-- beforeTest3 -->
        <test-method status="PASS" signature="beforeClass3()[pri:0, instance:module1.class3@7fb9f71f]" name="beforeClass3" is-config="true" duration-ms="0" started-at="2021-02-11T13:21:19 IST" finished-at="2021-02-11T13:21:19 IST">
          <reporter-output>
          </reporter-output>
        </test-method> <!-- beforeClass3 -->
        <test-method status="PASS" signature="test1()[pri:0, instance:module1.class3@7fb9f71f]" name="test1" duration-ms="11" started-at="2021-02-11T13:21:19 IST" finished-at="2021-02-11T13:21:19 IST">
          <reporter-output>
          </reporter-output>
        </test-method> <!-- test1 -->
        <test-method status="PASS" signature="afterClass3()[pri:0, instance:module1.class3@7fb9f71f]" name="afterClass3" is-config="true" duration-ms="0" started-at="2021-02-11T13:21:19 IST" finished-at="2021-02-11T13:21:19 IST">
          <reporter-output>
          </reporter-output>
        </test-method> <!-- afterClass3 -->
        <test-method status="PASS" signature="beforeClass3()[pri:0, instance:module1.class3@7fb9f71f]" name="beforeClass3" is-config="true" duration-ms="6" started-at="2021-02-11T13:21:19 IST" finished-at="2021-02-11T13:21:19 IST">
          <reporter-output>
          </reporter-output>
        </test-method> <!-- beforeClass3 -->
        <test-method status="PASS" signature="test2()[pri:0, instance:module1.class3@7fb9f71f]" name="test2" duration-ms="4" started-at="2021-02-11T13:21:19 IST" finished-at="2021-02-11T13:21:19 IST">
          <reporter-output>
          </reporter-output>
        </test-method> <!-- test2 -->
        <test-method status="PASS" signature="afterClass3()[pri:0, instance:module1.class3@7fb9f71f]" name="afterClass3" is-config="true" duration-ms="10" started-at="2021-02-11T13:21:19 IST" finished-at="2021-02-11T13:21:19 IST">
          <reporter-output>
          </reporter-output>
        </test-method> <!-- afterClass3 -->
        <test-method status="PASS" signature="beforeClass3()[pri:0, instance:module1.class3@7fb9f71f]" name="beforeClass3" is-config="true" duration-ms="2" started-at="2021-02-11T13:21:19 IST" finished-at="2021-02-11T13:21:19 IST">
          <reporter-output>
          </reporter-output>
        </test-method> <!-- beforeClass3 -->
        <test-method status="PASS" signature="test3()[pri:0, instance:module1.class3@7fb9f71f]" name="test3" duration-ms="4" started-at="2021-02-11T13:21:19 IST" finished-at="2021-02-11T13:21:19 IST">
          <reporter-output>
          </reporter-output>
        </test-method> <!-- test3 -->
        <test-method status="PASS" signature="afterClass3()[pri:0, instance:module1.class3@7fb9f71f]" name="afterClass3" is-config="true" duration-ms="1" started-at="2021-02-11T13:21:19 IST" finished-at="2021-02-11T13:21:19 IST">
          <reporter-output>
          </reporter-output>
        </test-method> <!-- afterClass3 -->
      </class> <!-- module1.class3 -->
      <class name="module2.class4">
        <test-method status="PASS" signature="beforeMethod4()[pri:0, instance:module2.class4@514eedd8]" name="beforeMethod4" is-config="true" duration-ms="4" started-at="2021-02-11T13:21:25 IST" finished-at="2021-02-11T13:21:25 IST">
          <reporter-output>
          </reporter-output>
        </test-method> <!-- beforeMethod4 -->
        <test-method status="PASS" signature="test1()[pri:0, instance:module2.class4@514eedd8]" name="test1" duration-ms="146" started-at="2021-02-11T13:21:25 IST" finished-at="2021-02-11T13:21:26 IST">
          <reporter-output>
          </reporter-output>
        </test-method> <!-- test1 -->
        <test-method status="PASS" signature="afterMethod4()[pri:0, instance:module2.class4@514eedd8]" name="afterMethod4" is-config="true" duration-ms="1" started-at="2021-02-11T13:21:26 IST" finished-at="2021-02-11T13:21:26 IST">
          <reporter-output>
          </reporter-output>
        </test-method> <!-- afterMethod4 -->
        <test-method status="PASS" signature="beforeMethod4()[pri:0, instance:module2.class4@514eedd8]" name="beforeMethod4" is-config="true" duration-ms="3" started-at="2021-02-11T13:21:26 IST" finished-at="2021-02-11T13:21:26 IST">
          <reporter-output>
          </reporter-output>
        </test-method> <!-- beforeMethod4 -->
        <test-method status="PASS" signature="test2()[pri:0, instance:module2.class4@514eedd8]" name="test2" duration-ms="3" started-at="2021-02-11T13:21:26 IST" finished-at="2021-02-11T13:21:26 IST">
          <reporter-output>
          </reporter-output>
        </test-method> <!-- test2 -->
        <test-method status="PASS" signature="afterMethod4()[pri:0, instance:module2.class4@514eedd8]" name="afterMethod4" is-config="true" duration-ms="1" started-at="2021-02-11T13:21:26 IST" finished-at="2021-02-11T13:21:26 IST">
          <reporter-output>
          </reporter-output>
        </test-method> <!-- afterMethod4 -->
      </class> <!-- module2.class4 -->
      <class name="module1.class1">
        <test-method status="PASS" signature="beforeMethod1()[pri:0, instance:module1.class1@3b366632]" name="beforeMethod1" is-config="true" duration-ms="1" started-at="2021-02-11T13:21:19 IST" finished-at="2021-02-11T13:21:19 IST">
          <reporter-output>
          </reporter-output>
        </test-method> <!-- beforeMethod1 -->
        <test-method status="PASS" signature="test1()[pri:0, instance:module1.class1@3b366632]" name="test1" duration-ms="84" started-at="2021-02-11T13:21:19 IST" finished-at="2021-02-11T13:21:19 IST">
          <reporter-output>
          </reporter-output>
        </test-method> <!-- test1 -->
        <test-method status="PASS" signature="afterMethod1()[pri:0, instance:module1.class1@3b366632]" name="afterMethod1" is-config="true" duration-ms="1" started-at="2021-02-11T13:21:19 IST" finished-at="2021-02-11T13:21:19 IST">
          <reporter-output>
          </reporter-output>
        </test-method> <!-- afterMethod1 -->
        <test-method status="PASS" signature="beforeMethod1()[pri:0, instance:module1.class1@3b366632]" name="beforeMethod1" is-config="true" duration-ms="1" started-at="2021-02-11T13:21:19 IST" finished-at="2021-02-11T13:21:19 IST">
          <reporter-output>
          </reporter-output>
        </test-method> <!-- beforeMethod1 -->
        <test-method status="PASS" signature="test2()[pri:0, instance:module1.class1@3b366632]" name="test2" duration-ms="4" started-at="2021-02-11T13:21:19 IST" finished-at="2021-02-11T13:21:19 IST">
          <reporter-output>
          </reporter-output>
        </test-method> <!-- test2 -->
        <test-method status="PASS" signature="afterMethod1()[pri:0, instance:module1.class1@3b366632]" name="afterMethod1" is-config="true" duration-ms="1" started-at="2021-02-11T13:21:19 IST" finished-at="2021-02-11T13:21:19 IST">
          <reporter-output>
          </reporter-output>
        </test-method> <!-- afterMethod1 -->
        <test-method status="PASS" signature="beforeMethod1()[pri:0, instance:module1.class1@3b366632]" name="beforeMethod1" is-config="true" duration-ms="0" started-at="2021-02-11T13:21:19 IST" finished-at="2021-02-11T13:21:19 IST">
          <reporter-output>
          </reporter-output>
        </test-method> <!-- beforeMethod1 -->
        <test-method status="PASS" signature="test3()[pri:0, instance:module1.class1@3b366632]" name="test3" duration-ms="4" started-at="2021-02-11T13:21:19 IST" finished-at="2021-02-11T13:21:19 IST">
          <reporter-output>
          </reporter-output>
        </test-method> <!-- test3 -->
        <test-method status="PASS" signature="afterMethod1()[pri:0, instance:module1.class1@3b366632]" name="afterMethod1" is-config="true" duration-ms="2" started-at="2021-02-11T13:21:19 IST" finished-at="2021-02-11T13:21:19 IST">
          <reporter-output>
          </reporter-output>
        </test-method> <!-- afterMethod1 -->
        <test-method status="PASS" signature="beforeMethod1()[pri:0, instance:module1.class1@3b366632]" name="beforeMethod1" is-config="true" duration-ms="0" started-at="2021-02-11T13:21:19 IST" finished-at="2021-02-11T13:21:19 IST">
          <reporter-output>
          </reporter-output>
        </test-method> <!-- beforeMethod1 -->
        <test-method status="PASS" signature="test4()[pri:0, instance:module1.class1@3b366632]" name="test4" duration-ms="6" started-at="2021-02-11T13:21:19 IST" finished-at="2021-02-11T13:21:19 IST">
          <reporter-output>
          </reporter-output>
        </test-method> <!-- test4 -->
        <test-method status="PASS" signature="afterMethod1()[pri:0, instance:module1.class1@3b366632]" name="afterMethod1" is-config="true" duration-ms="1" started-at="2021-02-11T13:21:19 IST" finished-at="2021-02-11T13:21:19 IST">
          <reporter-output>
          </reporter-output>
        </test-method> <!-- afterMethod1 -->
      </class> <!-- module1.class1 -->
      <class name="module2.class2">
        <test-method status="PASS" signature="beforeMethod2()[pri:0, instance:module2.class2@51f49060]" name="beforeMethod2" is-config="true" duration-ms="2" started-at="2021-02-11T13:21:25 IST" finished-at="2021-02-11T13:21:25 IST">
          <reporter-output>
          </reporter-output>
        </test-method> <!-- beforeMethod2 -->
        <test-method status="PASS" signature="test1()[pri:0, instance:module2.class2@51f49060]" name="test1" duration-ms="15" started-at="2021-02-11T13:21:25 IST" finished-at="2021-02-11T13:21:25 IST">
          <reporter-output>
          </reporter-output>
        </test-method> <!-- test1 -->
        <test-method status="PASS" signature="afterMethod2()[pri:0, instance:module2.class2@51f49060]" name="afterMethod2" is-config="true" duration-ms="0" started-at="2021-02-11T13:21:25 IST" finished-at="2021-02-11T13:21:25 IST">
          <reporter-output>
          </reporter-output>
        </test-method> <!-- afterMethod2 -->
        <test-method status="PASS" signature="beforeMethod2()[pri:0, instance:module2.class2@51f49060]" name="beforeMethod2" is-config="true" duration-ms="0" started-at="2021-02-11T13:21:25 IST" finished-at="2021-02-11T13:21:25 IST">
          <reporter-output>
          </reporter-output>
        </test-method> <!-- beforeMethod2 -->
        <test-method status="PASS" signature="test2()[pri:0, instance:module2.class2@51f49060]" name="test2" duration-ms="11" started-at="2021-02-11T13:21:25 IST" finished-at="2021-02-11T13:21:25 IST">
          <reporter-output>
          </reporter-output>
        </test-method> <!-- test2 -->
        <test-method status="PASS" signature="afterMethod2()[pri:0, instance:module2.class2@51f49060]" name="afterMethod2" is-config="true" duration-ms="5" started-at="2021-02-11T13:21:25 IST" finished-at="2021-02-11T13:21:25 IST">
          <reporter-output>
          </reporter-output>
        </test-method> <!-- afterMethod2 -->
      </class> <!-- module2.class2 -->
    </test> <!-- Free CRM App Test Cases -->
  </suite> <!-- FREE CRM Application Test Automation Test Suite -->
</testng-results>
