<?xml version="1.0" encoding="UTF-8"?>
<!-- Generated by org.testng.reporters.JUnitXMLReporter -->
<testsuite hostname="Gajendras-MacBook-Air.local" ignored="0" name="Free CRM App Test Cases" tests="12" failures="0" timestamp="10 Feb 2021 13:05:55 GMT" time="10.332" errors="0">
  <testcase name="test1" time="0.069" classname="module1.class1"/>
  <testcase name="test2" time="0.003" classname="module1.class1"/>
  <testcase name="test3" time="0.002" classname="module1.class1"/>
  <testcase name="test4" time="0.003" classname="module1.class1"/>
  <testcase name="test1" time="0.002" classname="module1.class3"/>
  <testcase name="test2" time="0.002" classname="module1.class3"/>
  <testcase name="test3" time="0.008" classname="module1.class3"/>
  <testcase name="extentReportsDemo" time="9.919" classname="module1.ExtentDemo"/>
  <testcase name="test1" time="0.004" classname="module2.class2"/>
  <testcase name="test2" time="0.003" classname="module2.class2"/>
  <testcase name="test1" time="0.002" classname="module2.class4"/>
  <testcase name="test2" time="0.003" classname="module2.class4"/>
</testsuite> <!-- Free CRM App Test Cases -->
